Change Component Designator: Old Designator=C7 New Designator=C1
Change Component Designator: Old Designator=C7 New Designator=C2
Change Component Designator: Old Designator=C8 New Designator=C5
Change Component Designator: Old Designator=C11 New Designator=C6
Change Component Designator: Old Designator=C23 New Designator=C3
Change Component Designator: Old Designator=C24 New Designator=C4
Change Component Designator: Old Designator=CN3 New Designator=CN1
Change Component Designator: Old Designator=CN4 New Designator=CN2
Change Component Designator: Old Designator=D? New Designator=D1
Change Component Designator: Old Designator=D? New Designator=D2
Change Component Designator: Old Designator=P2 New Designator=P1
Change Component Designator: Old Designator=Q5 New Designator=Q2
Change Component Designator: Old Designator=Q6 New Designator=Q3
Change Component Designator: Old Designator=Q7 New Designator=Q4
Change Component Designator: Old Designator=Q8 New Designator=Q1
Change Component Designator: Old Designator=R5 New Designator=R1
Change Component Designator: Old Designator=R5 New Designator=R4
Change Component Designator: Old Designator=R6 New Designator=R3
Change Component Designator: Old Designator=R14 New Designator=R8
Change Component Designator: Old Designator=R15 New Designator=R9
Change Component Designator: Old Designator=R16 New Designator=R10
Change Component Designator: Old Designator=R21 New Designator=R2
Change Component Designator: Old Designator=R23 New Designator=R5
Change Component Designator: Old Designator=R24 New Designator=R7
Change Component Designator: Old Designator=R25 New Designator=R6
Change Component Designator: Old Designator=R26 New Designator=R11
Change Component Designator: Old Designator=SB5 New Designator=SB1
Change Component Designator: Old Designator=SB7 New Designator=SB3
Change Component Designator: Old Designator=SB10 New Designator=SB5
Change Component Designator: Old Designator=SB11 New Designator=SB2
Change Component Designator: Old Designator=SB12 New Designator=SB6
Change Component Designator: Old Designator=SB13 New Designator=SB4
Change Component Designator: Old Designator=SB13 New Designator=SB7
Change Component Designator: Old Designator=SB16 New Designator=SB8
Change Component Designator: Old Designator=SB18 New Designator=SB9
Change Component Designator: Old Designator=SW? New Designator=SW1
Change Component Designator: Old Designator=U2 New Designator=U1
