Change Component Designator: Old Designator=C1 New Designator=C14
Change Component Designator: Old Designator=C2 New Designator=C13
Change Component Designator: Old Designator=C9 New Designator=C7
Change Component Designator: Old Designator=C9 New Designator=C16
Change Component Designator: Old Designator=C10 New Designator=C9
Change Component Designator: Old Designator=C10 New Designator=C11
Change Component Designator: Old Designator=C10 New Designator=C15
Change Component Designator: Old Designator=C12 New Designator=C8
Change Component Designator: Old Designator=C13 New Designator=C10
Change Component Designator: Old Designator=C13 New Designator=C12
Change Component Designator: Old Designator=D? New Designator=D3
Change Component Designator: Old Designator=D? New Designator=D4
Change Component Designator: Old Designator=D? New Designator=D5
Change Component Designator: Old Designator=LD2 New Designator=LD1
Change Component Designator: Old Designator=R4 New Designator=R14
Change Component Designator: Old Designator=R5 New Designator=R15
Change Component Designator: Old Designator=R5 New Designator=R19
Change Component Designator: Old Designator=R6 New Designator=R12
Change Component Designator: Old Designator=R7 New Designator=R13
Change Component Designator: Old Designator=R7 New Designator=R18
Change Component Designator: Old Designator=R22 New Designator=R21
Change Component Designator: Old Designator=R25 New Designator=R16
Change Component Designator: Old Designator=R26 New Designator=R17
Change Component Designator: Old Designator=R26 New Designator=R20
Change Component Designator: Old Designator=U2 New Designator=U4
Change Component Designator: Old Designator=U? New Designator=U2
Change Component Designator: Old Designator=U? New Designator=U2
Change Component Designator: Old Designator=U? New Designator=U3
Change Component Part ID : Designator=U3 Old Part ID =2 New Part ID =1
